<?xml version="1.0" encoding="UTF-8"?>
<!-- Generated by org.testng.reporters.JUnitXMLReporter -->
<testsuite ignored="0" hostname="VishnusPC" failures="0" tests="4" name="Default test" time="28.232" errors="0" timestamp="2025-02-12T09:25:24 IST">
  <testcase classname="testcases.Tc_001_AMExpressAutomation" name="clickonCartesamericanExpress" time="4.663"/>
  <testcase classname="testcases.Tc_001_AMExpressAutomation" name="FrAllCards" time="6.974"/>
  <testcase classname="testcases.Tc_001_AMExpressAutomation" name="GoldCardDescriptionPg" time="0.009"/>
  <testcase classname="testcases.Tc_001_AMExpressAutomation" name="UserDetails" time="4.898"/>
</testsuite> <!-- Default test -->
