<?xml version="1.0" encoding="UTF-8"?>
<testng-results ignored="0" total="4" passed="4" failed="0" skipped="0">
  <reporter-output>
  </reporter-output>
  <suite started-at="2025-02-12T09:24:55 IST" name="Default suite" finished-at="2025-02-12T09:25:24 IST" duration-ms="28232">
    <groups>
    </groups>
    <test started-at="2025-02-12T09:24:55 IST" name="Default test" finished-at="2025-02-12T09:25:24 IST" duration-ms="28232">
      <class name="testcases.Tc_001_AMExpressAutomation">
        <test-method is-config="true" signature="setup()[pri:0, instance:testcases.Tc_001_AMExpressAutomation@3c77d488]" started-at="2025-02-12T09:24:55 IST" name="setup" finished-at="2025-02-12T09:24:59 IST" duration-ms="3889" status="PASS">
          <reporter-output>
          </reporter-output>
        </test-method> <!-- setup -->
        <test-method signature="clickonCartesamericanExpress()[pri:0, instance:testcases.Tc_001_AMExpressAutomation@3c77d488]" started-at="2025-02-12T09:24:59 IST" name="clickonCartesamericanExpress" finished-at="2025-02-12T09:25:04 IST" duration-ms="4663" status="PASS">
          <reporter-output>
          </reporter-output>
        </test-method> <!-- clickonCartesamericanExpress -->
        <test-method is-config="true" signature="shut()[pri:0, instance:testcases.Tc_001_AMExpressAutomation@3c77d488]" started-at="2025-02-12T09:25:04 IST" name="shut" finished-at="2025-02-12T09:25:05 IST" duration-ms="528" status="PASS">
          <reporter-output>
          </reporter-output>
        </test-method> <!-- shut -->
        <test-method is-config="true" signature="setup()[pri:0, instance:testcases.Tc_001_AMExpressAutomation@3c77d488]" started-at="2025-02-12T09:25:05 IST" name="setup" finished-at="2025-02-12T09:25:07 IST" duration-ms="2104" status="PASS">
          <reporter-output>
          </reporter-output>
        </test-method> <!-- setup -->
        <test-method signature="FrAllCards()[pri:1, instance:testcases.Tc_001_AMExpressAutomation@3c77d488]" started-at="2025-02-12T09:25:07 IST" name="FrAllCards" finished-at="2025-02-12T09:25:14 IST" duration-ms="6974" status="PASS">
          <reporter-output>
          </reporter-output>
        </test-method> <!-- FrAllCards -->
        <test-method is-config="true" signature="shut()[pri:0, instance:testcases.Tc_001_AMExpressAutomation@3c77d488]" started-at="2025-02-12T09:25:14 IST" name="shut" finished-at="2025-02-12T09:25:14 IST" duration-ms="552" status="PASS">
          <reporter-output>
          </reporter-output>
        </test-method> <!-- shut -->
        <test-method is-config="true" signature="setup()[pri:0, instance:testcases.Tc_001_AMExpressAutomation@3c77d488]" started-at="2025-02-12T09:25:14 IST" name="setup" finished-at="2025-02-12T09:25:16 IST" duration-ms="1770" status="PASS">
          <reporter-output>
          </reporter-output>
        </test-method> <!-- setup -->
        <test-method signature="GoldCardDescriptionPg()[pri:2, instance:testcases.Tc_001_AMExpressAutomation@3c77d488]" started-at="2025-02-12T09:25:16 IST" name="GoldCardDescriptionPg" finished-at="2025-02-12T09:25:16 IST" duration-ms="9" status="PASS">
          <reporter-output>
          </reporter-output>
        </test-method> <!-- GoldCardDescriptionPg -->
        <test-method is-config="true" signature="shut()[pri:0, instance:testcases.Tc_001_AMExpressAutomation@3c77d488]" started-at="2025-02-12T09:25:16 IST" name="shut" finished-at="2025-02-12T09:25:17 IST" duration-ms="519" status="PASS">
          <reporter-output>
          </reporter-output>
        </test-method> <!-- shut -->
        <test-method is-config="true" signature="setup()[pri:0, instance:testcases.Tc_001_AMExpressAutomation@3c77d488]" started-at="2025-02-12T09:25:17 IST" name="setup" finished-at="2025-02-12T09:25:18 IST" duration-ms="1719" status="PASS">
          <reporter-output>
          </reporter-output>
        </test-method> <!-- setup -->
        <test-method signature="UserDetails()[pri:3, instance:testcases.Tc_001_AMExpressAutomation@3c77d488]" started-at="2025-02-12T09:25:18 IST" name="UserDetails" finished-at="2025-02-12T09:25:23 IST" duration-ms="4898" status="PASS">
          <reporter-output>
          </reporter-output>
        </test-method> <!-- UserDetails -->
        <test-method is-config="true" signature="shut()[pri:0, instance:testcases.Tc_001_AMExpressAutomation@3c77d488]" started-at="2025-02-12T09:25:23 IST" name="shut" finished-at="2025-02-12T09:25:24 IST" duration-ms="514" status="PASS">
          <reporter-output>
          </reporter-output>
        </test-method> <!-- shut -->
      </class> <!-- testcases.Tc_001_AMExpressAutomation -->
    </test> <!-- Default test -->
  </suite> <!-- Default suite -->
</testng-results>
