<?xml version="1.0" encoding="UTF-8"?>
<!-- Generated by org.testng.reporters.JUnitReportReporter -->
<testsuite hostname="VishnusPC" failures="0" tests="4" name="testBase.Tc_001_AMExpressAutomation" time="23.221" errors="0" timestamp="2025-02-11T23:49:41 IST" skipped="0">
  <testcase classname="testBase.Tc_001_AMExpressAutomation" name="clickonCartesamericanExpress" time="7.329"/>
  <testcase classname="testBase.Tc_001_AMExpressAutomation" name="FrAllCards" time="12.400"/>
  <testcase classname="testBase.Tc_001_AMExpressAutomation" name="GoldCardDescriptionPg" time="1.582"/>
  <testcase classname="testBase.Tc_001_AMExpressAutomation" name="UserDetails" time="1.910"/>
</testsuite> <!-- testBase.Tc_001_AMExpressAutomation -->
