<?xml version="1.0" encoding="UTF-8"?>
<!-- Generated by org.testng.reporters.JUnitReportReporter -->
<testsuite hostname="VishnusPC" failures="0" tests="4" name="testcases.Tc_001_AMExpressAutomation" time="28.139" errors="0" timestamp="2025-02-12T09:25:24 IST" skipped="0">
  <testcase classname="testcases.Tc_001_AMExpressAutomation" name="clickonCartesamericanExpress" time="6.901"/>
  <testcase classname="testcases.Tc_001_AMExpressAutomation" name="FrAllCards" time="11.415"/>
  <testcase classname="testcases.Tc_001_AMExpressAutomation" name="GoldCardDescriptionPg" time="2.293"/>
  <testcase classname="testcases.Tc_001_AMExpressAutomation" name="UserDetails" time="7.530"/>
</testsuite> <!-- testcases.Tc_001_AMExpressAutomation -->
